{"meta": {"format": 3, "version": "7.15.2", "timestamp": "2026-09-14T16:34:32.965567", "branch_coverage": true, "show_contexts": false}, "files": {"analysis\\optimization\\__init__.py": {"executed_lines": [], "summary": {"covered_lines": 0, "num_statements": 0, "percent_covered": 100.0, "percent_covered_display": "100", "missing_lines": 0, "excluded_lines": 0, "percent_statements_covered": 100.0, "percent_statements_covered_display": "100", "num_branches": 0, "num_partial_branches": 0, "covered_branches": 0, "missing_branches": 0, "percent_branches_covered": 100.0, "percent_branches_covered_display": "100"}, "missing_lines": [], "excluded_lines": [], "executed_branches": [], "missing_branches": [], "functions": {"": {"executed_lines": [], "summary": {"covered_lines": 0, "num_statements": 0, "percent_covered": 100.0, "percent_covered_display": "100", "missing_lines": 0, "excluded_lines": 0, "percent_statements_covered": 100.0, "percent_statements_covered_display": "100", "num_branches": 0, "num_partial_branches": 0, "covered_branches": 0, "missing_branches": 0, "percent_branches_covered": 100.0, "percent_branches_covered_display": "100"}, "missing_lines": [], "excluded_lines": [], "start_line": 1, "executed_branches": [], "missing_branches": []}}, "classes": {"": {"executed_lines": [], "summary": {"covered_lines": 0, "num_statements": 0, "percent_covered": 100.0, "percent_covered_display": "100", "missing_lines": 0, "excluded_lines": 0, "percent_statements_covered": 100.0, "percent_statements_covered_display": "100", "num_branches": 0, "num_partial_branches": 0, "covered_branches": 0, "missing_branches": 0, "percent_branches_covered": 100.0, "percent_branches_covered_display": "100"}, "missing_lines": [], "excluded_lines": [], "start_line": 1, "executed_branches": [], "missing_branches": []}}}, "analysis\\optimization\\financing_policy.py": {"executed_lines": [3, 5, 6, 8, 11, 12, 17, 18, 19, 24, 25, 28, 29, 37, 40, 42, 43, 44, 46, 47, 48, 49, 57, 58, 60, 73, 75, 93, 100, 109, 111, 113, 117, 118, 119, 120, 121, 133, 136, 137, 138, 139, 140, 141, 142, 143, 144], "summary": {"covered_lines": 47, "num_statements": 53, "percent_covered": 83.56164383561644, "percent_covered_display": "84", "missing_lines": 6, "excluded_lines": 0, "percent_statements_covered": 88.67924528301887, "percent_statements_covered_display": "89", "num_branches": 20, "num_partial_branches": 6, "covered_branches": 14, "missing_branches": 6, "percent_branches_covered": 70.0, "percent_branches_covered_display": "70"}, "missing_lines": [41, 45, 59, 74, 110, 112], "excluded_lines": [], "executed_branches": [[40, 42], [42, 43], [42, 44], [44, 46], [58, 60], [73, 75], [109, 111], [111, 113], [117, 118], [117, 119], [138, 139], [138, 140], [140, 141], [140, 142]], "missing_branches": [[40, 41], [44, 45], [58, 59], [73, 74], [109, 110], [111, 112]], "functions": {"FinancingPolicy.policy_id": {"executed_lines": [19], "summary": {"covered_lines": 1, "num_statements": 1, "percent_covered": 100.0, "percent_covered_display": "100", "missing_lines": 0, "excluded_lines": 0, "percent_statements_covered": 100.0, "percent_statements_covered_display": "100", "num_branches": 0, "num_partial_branches": 0, "covered_branches": 0, "missing_branches": 0, "percent_branches_covered": 100.0, "percent_branches_covered_display": "100"}, "missing_lines": [], "excluded_lines": [], "start_line": 18, "executed_branches": [], "missing_branches": []}, "FinancingPolicy.to_record": {"executed_lines": [25], "summary": {"covered_lines": 1, "num_statements": 1, "percent_covered": 100.0, "percent_covered_display": "100", "missing_lines": 0, "excluded_lines": 0, "percent_statements_covered": 100.0, "percent_statements_covered_display": "100", "num_branches": 0, "num_partial_branches": 0, "covered_branches": 0, "missing_branches": 0, "percent_branches_covered": 100.0, "percent_branches_covered_display": "100"}, "missing_lines": [], "excluded_lines": [], "start_line": 24, "executed_branches": [], "missing_branches": []}, "candidate_grid": {"executed_lines": [29], "summary": {"covered_lines": 1, "num_statements": 1, "percent_covered": 100.0, "percent_covered_display": "100", "missing_lines": 0, "excluded_lines": 0, "percent_statements_covered": 100.0, "percent_statements_covered_display": "100", "num_branches": 0, "num_partial_branches": 0, "covered_branches": 0, "missing_branches": 0, "percent_branches_covered": 100.0, "percent_branches_covered_display": "100"}, "missing_lines": [], "excluded_lines": [], "start_line": 28, "executed_branches": [], "missing_branches": []}, "limited_liability_returns": {"executed_lines": [40, 42, 43, 44, 46, 47, 48, 49], "summary": {"covered_lines": 8, "num_statements": 10, "percent_covered": 75.0, "percent_covered_display": "75", "missing_lines": 2, "excluded_lines": 0, "percent_statements_covered": 80.0, "percent_statements_covered_display": "80", "num_branches": 6, "num_partial_branches": 2, "covered_branches": 4, "missing_branches": 2, "percent_branches_covered": 66.66666666666667, "percent_branches_covered_display": "67"}, "missing_lines": [41, 45], "excluded_lines": [], "start_line": 37, "executed_branches": [[40, 42], [42, 43], [42, 44], [44, 46]], "missing_branches": [[40, 41], [44, 45]]}, "summarize_outcomes": {"executed_lines": [58, 60, 73, 75], "summary": {"covered_lines": 4, "num_statements": 6, "percent_covered": 60.0, "percent_covered_display": "60", "missing_lines": 2, "excluded_lines": 0, "percent_statements_covered": 66.66666666666667, "percent_statements_covered_display": "67", "num_branches": 4, "num_partial_branches": 2, "covered_branches": 2, "missing_branches": 2, "percent_branches_covered": 50.0, "percent_branches_covered_display": "50"}, "missing_lines": [59, 74], "excluded_lines": [], "start_line": 57, "executed_branches": [[58, 60], [73, 75]], "missing_branches": [[58, 59], [73, 74]]}, "select_candidate": {"executed_lines": [100, 109, 111, 113, 117, 118, 119, 120, 121, 133], "summary": {"covered_lines": 10, "num_statements": 12, "percent_covered": 77.77777777777777, "percent_covered_display": "78", "missing_lines": 2, "excluded_lines": 0, "percent_statements_covered": 83.33333333333333, "percent_statements_covered_display": "83", "num_branches": 6, "num_partial_branches": 2, "covered_branches": 4, "missing_branches": 2, "percent_branches_covered": 66.66666666666667, "percent_branches_covered_display": "67"}, "missing_lines": [110, 112], "excluded_lines": [], "start_line": 93, "executed_branches": [[109, 111], [111, 113], [117, 118], [117, 119]], "missing_branches": [[109, 110], [111, 112]]}, "solve_known_optimum_toy": {"executed_lines": [137, 138, 139, 140, 141, 142, 143, 144], "summary": {"covered_lines": 8, "num_statements": 8, "percent_covered": 100.0, "percent_covered_display": "100", "missing_lines": 0, "excluded_lines": 0, "percent_statements_covered": 100.0, "percent_statements_covered_display": "100", "num_branches": 4, "num_partial_branches": 0, "covered_branches": 4, "missing_branches": 0, "percent_branches_covered": 100.0, "percent_branches_covered_display": "100"}, "missing_lines": [], "excluded_lines": [], "start_line": 136, "executed_branches": [[138, 139], [138, 140], [140, 141], [140, 142]], "missing_branches": []}, "": {"executed_lines": [3, 5, 6, 8, 11, 12, 17, 18, 24, 28, 37, 57, 93, 136], "summary": {"covered_lines": 14, "num_statements": 14, "percent_covered": 100.0, "percent_covered_display": "100", "missing_lines": 0, "excluded_lines": 0, "percent_statements_covered": 100.0, "percent_statements_covered_display": "100", "num_branches": 0, "num_partial_branches": 0, "covered_branches": 0, "missing_branches": 0, "percent_branches_covered": 100.0, "percent_branches_covered_display": "100"}, "missing_lines": [], "excluded_lines": [], "start_line": 1, "executed_branches": [], "missing_branches": []}}, "classes": {"FinancingPolicy": {"executed_lines": [19, 25], "summary": {"covered_lines": 2, "num_statements": 2, "percent_covered": 100.0, "percent_covered_display": "100", "missing_lines": 0, "excluded_lines": 0, "percent_statements_covered": 100.0, "percent_statements_covered_display": "100", "num_branches": 0, "num_partial_branches": 0, "covered_branches": 0, "missing_branches": 0, "percent_branches_covered": 100.0, "percent_branches_covered_display": "100"}, "missing_lines": [], "excluded_lines": [], "start_line": 12, "executed_branches": [], "missing_branches": []}, "": {"executed_lines": [3, 5, 6, 8, 11, 12, 17, 18, 24, 28, 29, 37, 40, 42, 43, 44, 46, 47, 48, 49, 57, 58, 60, 73, 75, 93, 100, 109, 111, 113, 117, 118, 119, 120, 121, 133, 136, 137, 138, 139, 140, 141, 142, 143, 144], "summary": {"covered_lines": 45, "num_statements": 51, "percent_covered": 83.09859154929578, "percent_covered_display": "83", "missing_lines": 6, "excluded_lines": 0, "percent_statements_covered": 88.23529411764706, "percent_statements_covered_display": "88", "num_branches": 20, "num_partial_branches": 6, "covered_branches": 14, "missing_branches": 6, "percent_branches_covered": 70.0, "percent_branches_covered_display": "70"}, "missing_lines": [41, 45, 59, 74, 110, 112], "excluded_lines": [], "start_line": 1, "executed_branches": [[40, 42], [42, 43], [42, 44], [44, 46], [58, 60], [73, 75], [109, 111], [111, 113], [117, 118], [117, 119], [138, 139], [138, 140], [140, 141], [140, 142]], "missing_branches": [[40, 41], [44, 45], [58, 59], [73, 74], [109, 110], [111, 112]]}}}, "analysis\\run_v3_optimization.py": {"executed_lines": [3, 4, 5, 6, 7, 9, 10, 12, 19, 20, 22, 23, 24, 25, 26, 27, 28, 29, 30, 31, 32, 35, 39, 40, 41, 42, 43, 44, 45, 46, 47, 48, 49, 50, 51, 52, 53, 62, 63, 68, 71, 87, 88, 89, 94, 95, 96, 97, 117, 118, 119, 120, 123, 124, 125, 126, 129, 130, 133, 134, 135, 136, 137, 138, 139, 140, 141, 142, 169, 187, 188, 191, 192, 193, 194, 195, 196, 197, 198, 199, 202, 203, 204, 205, 206, 210, 211, 212, 217, 226, 227, 230, 231, 232, 233, 247, 248, 249, 250, 251, 252, 253, 254, 255, 256, 258, 261, 275, 457], "summary": {"covered_lines": 109, "num_statements": 182, "percent_covered": 59.009009009009006, "percent_covered_display": "59", "missing_lines": 73, "excluded_lines": 0, "percent_statements_covered": 59.89010989010989, "percent_statements_covered_display": "60", "num_branches": 40, "num_partial_branches": 6, "covered_branches": 22, "missing_branches": 18, "percent_branches_covered": 55.0, "percent_branches_covered_display": "55"}, "missing_lines": [36, 67, 72, 75, 76, 77, 78, 90, 91, 92, 170, 171, 172, 173, 174, 175, 176, 179, 180, 181, 184, 218, 225, 257, 262, 263, 264, 272, 276, 277, 280, 281, 282, 283, 284, 287, 288, 289, 297, 298, 317, 340, 342, 343, 344, 345, 346, 347, 348, 349, 350, 366, 367, 368, 369, 370, 371, 375, 376, 377, 378, 389, 390, 398, 401, 402, 407, 423, 424, 442, 443, 454, 458], "excluded_lines": [], "executed_branches": [[42, 43], [42, 62], [43, 42], [43, 44], [47, 48], [47, 50], [50, 51], [50, 53], [63, 68], [89, 94], [118, 119], [118, 120], [195, 196], [195, 252], [199, 202], [199, 212], [217, 226], [253, 254], [254, 255], [254, 258], [256, 254], [457, -1]], "missing_branches": [[63, 67], [89, 90], [172, 173], [172, 184], [175, 176], [175, 179], [179, 172], [179, 180], [180, 179], [180, 181], [217, 218], [253, 258], [256, 257], [348, 349], [348, 366], [349, 348], [349, 350], [457, 458]], "functions": {"dump": {"executed_lines": [], "summary": {"covered_lines": 0, "num_statements": 1, "percent_covered": 0.0, "percent_covered_display": "0", "missing_lines": 1, "excluded_lines": 0, "percent_statements_covered": 0.0, "percent_statements_covered_display": "0", "num_branches": 0, "num_partial_branches": 0, "covered_branches": 0, "missing_branches": 0, "percent_branches_covered": 100.0, "percent_branches_covered_display": "100"}, "missing_lines": [36], "excluded_lines": [], "start_line": 35, "executed_branches": [], "missing_branches": []}, "build_operating_scenarios": {"executed_lines": [40, 41, 42, 43, 44, 45, 46, 47, 48, 49, 50, 51, 52, 53, 62, 63, 68], "summary": {"covered_lines": 17, "num_statements": 18, "percent_covered": 92.85714285714286, "percent_covered_display": "93", "missing_lines": 1, "excluded_lines": 0, "percent_statements_covered": 94.44444444444444, "percent_statements_covered_display": "94", "num_branches": 10, "num_partial_branches": 1, "covered_branches": 9, "missing_branches": 1, "percent_branches_covered": 90.0, "percent_branches_covered_display": "90"}, "missing_lines": [67], "excluded_lines": [], "start_line": 39, "executed_branches": [[42, 43], [42, 62], [43, 42], [43, 44], [47, 48], [47, 50], [50, 51], [50, 53], [63, 68]], "missing_branches": [[63, 67]]}, "reference_policies": {"executed_lines": [], "summary": {"covered_lines": 0, "num_statements": 5, "percent_covered": 0.0, "percent_covered_display": "0", "missing_lines": 5, "excluded_lines": 0, "percent_statements_covered": 0.0, "percent_statements_covered_display": "0", "num_branches": 0, "num_partial_branches": 0, "covered_branches": 0, "missing_branches": 0, "percent_branches_covered": 100.0, "percent_branches_covered_display": "100"}, "missing_lines": [72, 75, 76, 77, 78], "excluded_lines": [], "start_line": 71, "executed_branches": [], "missing_branches": []}, "assumptions_for": {"executed_lines": [88, 89, 94, 95, 96, 97, 117, 118, 119, 120], "summary": {"covered_lines": 10, "num_statements": 13, "percent_covered": 76.47058823529412, "percent_covered_display": "76", "missing_lines": 3, "excluded_lines": 0, "percent_statements_covered": 76.92307692307692, "percent_statements_covered_display": "77", "num_branches": 4, "num_partial_branches": 1, "covered_branches": 3, "missing_branches": 1, "percent_branches_covered": 75.0, "percent_branches_covered_display": "75"}, "missing_lines": [90, 91, 92], "excluded_lines": [], "start_line": 87, "executed_branches": [[89, 94], [118, 119], [118, 120]], "missing_branches": [[89, 90]]}, "evaluate_one": {"executed_lines": [124, 125, 126, 129, 130, 133, 134, 135, 136, 137, 138, 139, 140, 141, 142], "summary": {"covered_lines": 15, "num_statements": 15, "percent_covered": 100.0, "percent_covered_display": "100", "missing_lines": 0, "excluded_lines": 0, "percent_statements_covered": 100.0, "percent_statements_covered_display": "100", "num_branches": 0, "num_partial_branches": 0, "covered_branches": 0, "missing_branches": 0, "percent_branches_covered": 100.0, "percent_branches_covered_display": "100"}, "missing_lines": [], "excluded_lines": [], "start_line": 123, "executed_branches": [], "missing_branches": []}, "evaluate_all": {"executed_lines": [], "summary": {"covered_lines": 0, "num_statements": 11, "percent_covered": 0.0, "percent_covered_display": "0", "missing_lines": 11, "excluded_lines": 0, "percent_statements_covered": 0.0, "percent_statements_covered_display": "0", "num_branches": 8, "num_partial_branches": 0, "covered_branches": 0, "missing_branches": 8, "percent_branches_covered": 0.0, "percent_branches_covered_display": "0"}, "missing_lines": [170, 171, 172, 173, 174, 175, 176, 179, 180, 181, 184], "excluded_lines": [], "start_line": 169, "executed_branches": [], "missing_branches": [[172, 173], [172, 184], [175, 176], [175, 179], [179, 172], [179, 180], [180, 179], [180, 181]]}, "prefixed": {"executed_lines": [188], "summary": {"covered_lines": 1, "num_statements": 1, "percent_covered": 100.0, "percent_covered_display": "100", "missing_lines": 0, "excluded_lines": 0, "percent_statements_covered": 100.0, "percent_statements_covered_display": "100", "num_branches": 0, "num_partial_branches": 0, "covered_branches": 0, "missing_branches": 0, "percent_branches_covered": 100.0, "percent_branches_covered_display": "100"}, "missing_lines": [], "excluded_lines": [], "start_line": 187, "executed_branches": [], "missing_branches": []}, "leave_one_template_out": {"executed_lines": [192, 193, 194, 195, 196, 197, 198, 199, 202, 203, 204, 205, 206, 210, 211, 212, 217, 226, 227, 230, 231, 232, 233, 247, 248, 249, 250, 251, 252, 253, 254, 255, 256, 258], "summary": {"covered_lines": 34, "num_statements": 37, "percent_covered": 87.75510204081633, "percent_covered_display": "88", "missing_lines": 3, "excluded_lines": 0, "percent_statements_covered": 91.89189189189189, "percent_statements_covered_display": "92", "num_branches": 12, "num_partial_branches": 3, "covered_branches": 9, "missing_branches": 3, "percent_branches_covered": 75.0, "percent_branches_covered_display": "75"}, "missing_lines": [218, 225, 257], "excluded_lines": [], "start_line": 191, "executed_branches": [[195, 196], [195, 252], [199, 202], [199, 212], [217, 226], [253, 254], [254, 255], [254, 258], [256, 254]], "missing_branches": [[217, 218], [253, 258], [256, 257]]}, "experiment_at_rate": {"executed_lines": [], "summary": {"covered_lines": 0, "num_statements": 4, "percent_covered": 0.0, "percent_covered_display": "0", "missing_lines": 4, "excluded_lines": 0, "percent_statements_covered": 0.0, "percent_statements_covered_display": "0", "num_branches": 0, "num_partial_branches": 0, "covered_branches": 0, "missing_branches": 0, "percent_branches_covered": 100.0, "percent_branches_covered_display": "100"}, "missing_lines": [262, 263, 264, 272], "excluded_lines": [], "start_line": 261, "executed_branches": [], "missing_branches": []}, "main": {"executed_lines": [], "summary": {"covered_lines": 0, "num_statements": 44, "percent_covered": 0.0, "percent_covered_display": "0", "missing_lines": 44, "excluded_lines": 0, "percent_statements_covered": 0.0, "percent_statements_covered_display": "0", "num_branches": 4, "num_partial_branches": 0, "covered_branches": 0, "missing_branches": 4, "percent_branches_covered": 0.0, "percent_branches_covered_display": "0"}, "missing_lines": [276, 277, 280, 281, 282, 283, 284, 287, 288, 289, 297, 298, 317, 340, 342, 343, 344, 345, 346, 347, 348, 349, 350, 366, 367, 368, 369, 370, 371, 375, 376, 377, 378, 389, 390, 398, 401, 402, 407, 423, 424, 442, 443, 454], "excluded_lines": [], "start_line": 275, "executed_branches": [], "missing_branches": [[348, 349], [348, 366], [349, 348], [349, 350]]}, "": {"executed_lines": [3, 4, 5, 6, 7, 9, 10, 12, 19, 20, 22, 23, 24, 25, 26, 27, 28, 29, 30, 31, 32, 35, 39, 71, 87, 123, 169, 187, 191, 261, 275, 457], "summary": {"covered_lines": 32, "num_statements": 33, "percent_covered": 94.28571428571429, "percent_covered_display": "94", "missing_lines": 1, "excluded_lines": 0, "percent_statements_covered": 96.96969696969697, "percent_statements_covered_display": "97", "num_branches": 2, "num_partial_branches": 1, "covered_branches": 1, "missing_branches": 1, "percent_branches_covered": 50.0, "percent_branches_covered_display": "50"}, "missing_lines": [458], "excluded_lines": [], "start_line": 1, "executed_branches": [[457, -1]], "missing_branches": [[457, 458]]}}, "classes": {"": {"executed_lines": [3, 4, 5, 6, 7, 9, 10, 12, 19, 20, 22, 23, 24, 25, 26, 27, 28, 29, 30, 31, 32, 35, 39, 40, 41, 42, 43, 44, 45, 46, 47, 48, 49, 50, 51, 52, 53, 62, 63, 68, 71, 87, 88, 89, 94, 95, 96, 97, 117, 118, 119, 120, 123, 124, 125, 126, 129, 130, 133, 134, 135, 136, 137, 138, 139, 140, 141, 142, 169, 187, 188, 191, 192, 193, 194, 195, 196, 197, 198, 199, 202, 203, 204, 205, 206, 210, 211, 212, 217, 226, 227, 230, 231, 232, 233, 247, 248, 249, 250, 251, 252, 253, 254, 255, 256, 258, 261, 275, 457], "summary": {"covered_lines": 109, "num_statements": 182, "percent_covered": 59.009009009009006, "percent_covered_display": "59", "missing_lines": 73, "excluded_lines": 0, "percent_statements_covered": 59.89010989010989, "percent_statements_covered_display": "60", "num_branches": 40, "num_partial_branches": 6, "covered_branches": 22, "missing_branches": 18, "percent_branches_covered": 55.0, "percent_branches_covered_display": "55"}, "missing_lines": [36, 67, 72, 75, 76, 77, 78, 90, 91, 92, 170, 171, 172, 173, 174, 175, 176, 179, 180, 181, 184, 218, 225, 257, 262, 263, 264, 272, 276, 277, 280, 281, 282, 283, 284, 287, 288, 289, 297, 298, 317, 340, 342, 343, 344, 345, 346, 347, 348, 349, 350, 366, 367, 368, 369, 370, 371, 375, 376, 377, 378, 389, 390, 398, 401, 402, 407, 423, 424, 442, 443, 454, 458], "excluded_lines": [], "start_line": 1, "executed_branches": [[42, 43], [42, 62], [43, 42], [43, 44], [47, 48], [47, 50], [50, 51], [50, 53], [63, 68], [89, 94], [118, 119], [118, 120], [195, 196], [195, 252], [199, 202], [199, 212], [217, 226], [253, 254], [254, 255], [254, 258], [256, 254], [457, -1]], "missing_branches": [[63, 67], [89, 90], [172, 173], [172, 184], [175, 176], [175, 179], [179, 172], [179, 180], [180, 179], [180, 181], [217, 218], [253, 258], [256, 257], [348, 349], [348, 366], [349, 348], [349, 350], [457, 458]]}}}, "src\\lbo\\__init__.py": {"executed_lines": [3, 4, 6, 7, 8, 9, 15, 21, 28], "summary": {"covered_lines": 9, "num_statements": 9, "percent_covered": 100.0, "percent_covered_display": "100", "missing_lines": 0, "excluded_lines": 0, "percent_statements_covered": 100.0, "percent_statements_covered_display": "100", "num_branches": 0, "num_partial_branches": 0, "covered_branches": 0, "missing_branches": 0, "percent_branches_covered": 100.0, "percent_branches_covered_display": "100"}, "missing_lines": [], "excluded_lines": [], "executed_branches": [], "missing_branches": [], "functions": {"": {"executed_lines": [3, 4, 6, 7, 8, 9, 15, 21, 28], "summary": {"covered_lines": 9, "num_statements": 9, "percent_covered": 100.0, "percent_covered_display": "100", "missing_lines": 0, "excluded_lines": 0, "percent_statements_covered": 100.0, "percent_statements_covered_display": "100", "num_branches": 0, "num_partial_branches": 0, "covered_branches": 0, "missing_branches": 0, "percent_branches_covered": 100.0, "percent_branches_covered_display": "100"}, "missing_lines": [], "excluded_lines": [], "start_line": 1, "executed_branches": [], "missing_branches": []}}, "classes": {"": {"executed_lines": [3, 4, 6, 7, 8, 9, 15, 21, 28], "summary": {"covered_lines": 9, "num_statements": 9, "percent_covered": 100.0, "percent_covered_display": "100", "missing_lines": 0, "excluded_lines": 0, "percent_statements_covered": 100.0, "percent_statements_covered_display": "100", "num_branches": 0, "num_partial_branches": 0, "covered_branches": 0, "missing_branches": 0, "percent_branches_covered": 100.0, "percent_branches_covered_display": "100"}, "missing_lines": [], "excluded_lines": [], "start_line": 1, "executed_branches": [], "missing_branches": []}}}, "src\\lbo\\analytic_bounds.py": {"executed_lines": [1, 4, 5, 11, 14, 17, 41, 53], "summary": {"covered_lines": 8, "num_statements": 16, "percent_covered": 50.0, "percent_covered_display": "50", "missing_lines": 8, "excluded_lines": 0, "percent_statements_covered": 50.0, "percent_statements_covered_display": "50", "num_branches": 0, "num_partial_branches": 0, "covered_branches": 0, "missing_branches": 0, "percent_branches_covered": 100.0, "percent_branches_covered_display": "100"}, "missing_lines": [15, 26, 27, 29, 38, 39, 47, 55], "excluded_lines": [], "executed_branches": [], "missing_branches": [], "functions": {"AnalyticBoundsModel.__init__": {"executed_lines": [], "summary": {"covered_lines": 0, "num_statements": 1, "percent_covered": 0.0, "percent_covered_display": "0", "missing_lines": 1, "excluded_lines": 0, "percent_statements_covered": 0.0, "percent_statements_covered_display": "0", "num_branches": 0, "num_partial_branches": 0, "covered_branches": 0, "missing_branches": 0, "percent_branches_covered": 100.0, "percent_branches_covered_display": "100"}, "missing_lines": [15], "excluded_lines": [], "start_line": 14, "executed_branches": [], "missing_branches": []}, "AnalyticBoundsModel.calculate_diagnostic_envelopes": {"executed_lines": [], "summary": {"covered_lines": 0, "num_statements": 5, "percent_covered": 0.0, "percent_covered_display": "0", "missing_lines": 5, "excluded_lines": 0, "percent_statements_covered": 0.0, "percent_statements_covered_display": "0", "num_branches": 0, "num_partial_branches": 0, "covered_branches": 0, "missing_branches": 0, "percent_branches_covered": 100.0, "percent_branches_covered_display": "100"}, "missing_lines": [26, 27, 29, 38, 39], "excluded_lines": [], "start_line": 17, "executed_branches": [], "missing_branches": []}, "AnalyticBoundsModel.calculate_assumption_bounds": {"executed_lines": [], "summary": {"covered_lines": 0, "num_statements": 1, "percent_covered": 0.0, "percent_covered_display": "0", "missing_lines": 1, "excluded_lines": 0, "percent_statements_covered": 0.0, "percent_statements_covered_display": "0", "num_branches": 0, "num_partial_branches": 0, "covered_branches": 0, "missing_branches": 0, "percent_branches_covered": 100.0, "percent_branches_covered_display": "100"}, "missing_lines": [47], "excluded_lines": [], "start_line": 41, "executed_branches": [], "missing_branches": []}, "AnalyticBoundsModel.research_conjecture_dominance": {"executed_lines": [], "summary": {"covered_lines": 0, "num_statements": 1, "percent_covered": 0.0, "percent_covered_display": "0", "missing_lines": 1, "excluded_lines": 0, "percent_statements_covered": 0.0, "percent_statements_covered_display": "0", "num_branches": 0, "num_partial_branches": 0, "covered_branches": 0, "missing_branches": 0, "percent_branches_covered": 100.0, "percent_branches_covered_display": "100"}, "missing_lines": [55], "excluded_lines": [], "start_line": 53, "executed_branches": [], "missing_branches": []}, "": {"executed_lines": [1, 4, 5, 11, 14, 17, 41, 53], "summary": {"covered_lines": 8, "num_statements": 8, "percent_covered": 100.0, "percent_covered_display": "100", "missing_lines": 0, "excluded_lines": 0, "percent_statements_covered": 100.0, "percent_statements_covered_display": "100", "num_branches": 0, "num_partial_branches": 0, "covered_branches": 0, "missing_branches": 0, "percent_branches_covered": 100.0, "percent_branches_covered_display": "100"}, "missing_lines": [], "excluded_lines": [], "start_line": 1, "executed_branches": [], "missing_branches": []}}, "classes": {"DiagnosticEnvelope": {"executed_lines": [], "summary": {"covered_lines": 0, "num_statements": 0, "percent_covered": 100.0, "percent_covered_display": "100", "missing_lines": 0, "excluded_lines": 0, "percent_statements_covered": 100.0, "percent_statements_covered_display": "100", "num_branches": 0, "num_partial_branches": 0, "covered_branches": 0, "missing_branches": 0, "percent_branches_covered": 100.0, "percent_branches_covered_display": "100"}, "missing_lines": [], "excluded_lines": [], "start_line": 5, "executed_branches": [], "missing_branches": []}, "AnalyticBoundsModel": {"executed_lines": [], "summary": {"covered_lines": 0, "num_statements": 8, "percent_covered": 0.0, "percent_covered_display": "0", "missing_lines": 8, "excluded_lines": 0, "percent_statements_covered": 0.0, "percent_statements_covered_display": "0", "num_branches": 0, "num_partial_branches": 0, "covered_branches": 0, "missing_branches": 0, "percent_branches_covered": 100.0, "percent_branches_covered_display": "100"}, "missing_lines": [15, 26, 27, 29, 38, 39, 47, 55], "excluded_lines": [], "start_line": 11, "executed_branches": [], "missing_branches": []}, "": {"executed_lines": [1, 4, 5, 11, 14, 17, 41, 53], "summary": {"covered_lines": 8, "num_statements": 8, "percent_covered": 100.0, "percent_covered_display": "100", "missing_lines": 0, "excluded_lines": 0, "percent_statements_covered": 100.0, "percent_statements_covered_display": "100", "num_branches": 0, "num_partial_branches": 0, "covered_branches": 0, "missing_branches": 0, "percent_branches_covered": 100.0, "percent_branches_covered_display": "100"}, "missing_lines": [], "excluded_lines": [], "start_line": 1, "executed_branches": [], "missing_branches": []}}}, "src\\lbo\\covenants.py": {"executed_lines": [3, 5, 6, 9, 27, 44, 60], "summary": {"covered_lines": 7, "num_statements": 34, "percent_covered": 17.5, "percent_covered_display": "18", "missing_lines": 27, "excluded_lines": 0, "percent_statements_covered": 20.58823529411765, "percent_statements_covered_display": "21", "num_branches": 6, "num_partial_branches": 0, "covered_branches": 0, "missing_branches": 6, "percent_branches_covered": 0.0, "percent_branches_covered_display": "0"}, "missing_lines": [11, 12, 15, 16, 19, 22, 24, 29, 30, 33, 34, 37, 38, 39, 41, 46, 47, 49, 50, 52, 62, 64, 65, 66, 68, 78, 80], "excluded_lines": [], "executed_branches": [], "missing_branches": [[11, 12], [11, 15], [29, 30], [29, 33], [64, 65], [64, 80]], "functions": {"ratios_ifrs16": {"executed_lines": [], "summary": {"covered_lines": 0, "num_statements": 7, "percent_covered": 0.0, "percent_covered_display": "0", "missing_lines": 7, "excluded_lines": 0, "percent_statements_covered": 0.0, "percent_statements_covered_display": "0", "num_branches": 2, "num_partial_branches": 0, "covered_branches": 0, "missing_branches": 2, "percent_branches_covered": 0.0, "percent_branches_covered_display": "0"}, "missing_lines": [11, 12, 15, 16, 19, 22, 24], "excluded_lines": [], "start_line": 9, "executed_branches": [], "missing_branches": [[11, 12], [11, 15]]}, "ratios_frozen_gaap": {"executed_lines": [], "summary": {"covered_lines": 0, "num_statements": 8, "percent_covered": 0.0, "percent_covered_display": "0", "missing_lines": 8, "excluded_lines": 0, "percent_statements_covered": 0.0, "percent_statements_covered_display": "0", "num_branches": 2, "num_partial_branches": 0, "covered_branches": 0, "missing_branches": 2, "percent_branches_covered": 0.0, "percent_branches_covered_display": "0"}, "missing_lines": [29, 30, 33, 34, 37, 38, 39, 41], "excluded_lines": [], "start_line": 27, "executed_branches": [], "missing_branches": [[29, 30], [29, 33]]}, "covenant_headroom": {"executed_lines": [], "summary": {"covered_lines": 0, "num_statements": 5, "percent_covered": 0.0, "percent_covered_display": "0", "missing_lines": 5, "excluded_lines": 0, "percent_statements_covered": 0.0, "percent_statements_covered_display": "0", "num_branches": 0, "num_partial_branches": 0, "covered_branches": 0, "missing_branches": 0, "percent_branches_covered": 100.0, "percent_branches_covered_display": "100"}, "missing_lines": [46, 47, 49, 50, 52], "excluded_lines": [], "start_line": 44, "executed_branches": [], "missing_branches": []}, "dual_convention_ratios": {"executed_lines": [], "summary": {"covered_lines": 0, "num_statements": 7, "percent_covered": 0.0, "percent_covered_display": "0", "missing_lines": 7, "excluded_lines": 0, "percent_statements_covered": 0.0, "percent_statements_covered_display": "0", "num_branches": 2, "num_partial_branches": 0, "covered_branches": 0, "missing_branches": 2, "percent_branches_covered": 0.0, "percent_branches_covered_display": "0"}, "missing_lines": [62, 64, 65, 66, 68, 78, 80], "excluded_lines": [], "start_line": 60, "executed_branches": [], "missing_branches": [[64, 65], [64, 80]]}, "": {"executed_lines": [3, 5, 6, 9, 27, 44, 60], "summary": {"covered_lines": 7, "num_statements": 7, "percent_covered": 100.0, "percent_covered_display": "100", "missing_lines": 0, "excluded_lines": 0, "percent_statements_covered": 100.0, "percent_statements_covered_display": "100", "num_branches": 0, "num_partial_branches": 0, "covered_branches": 0, "missing_branches": 0, "percent_branches_covered": 100.0, "percent_branches_covered_display": "100"}, "missing_lines": [], "excluded_lines": [], "start_line": 1, "executed_branches": [], "missing_branches": []}}, "classes": {"": {"executed_lines": [3, 5, 6, 9, 27, 44, 60], "summary": {"covered_lines": 7, "num_statements": 34, "percent_covered": 17.5, "percent_covered_display": "18", "missing_lines": 27, "excluded_lines": 0, "percent_statements_covered": 20.58823529411765, "percent_statements_covered_display": "21", "num_branches": 6, "num_partial_branches": 0, "covered_branches": 0, "missing_branches": 6, "percent_branches_covered": 0.0, "percent_branches_covered_display": "0"}, "missing_lines": [11, 12, 15, 16, 19, 22, 24, 29, 30, 33, 34, 37, 38, 39, 41, 46, 47, 49, 50, 52, 62, 64, 65, 66, 68, 78, 80], "excluded_lines": [], "start_line": 1, "executed_branches": [], "missing_branches": [[11, 12], [11, 15], [29, 30], [29, 33], [64, 65], [64, 80]]}}}, "src\\lbo\\data.py": {"executed_lines": [3, 5, 6, 9, 34], "summary": {"covered_lines": 5, "num_statements": 19, "percent_covered": 20.0, "percent_covered_display": "20", "missing_lines": 14, "excluded_lines": 0, "percent_statements_covered": 26.31578947368421, "percent_statements_covered_display": "26", "num_branches": 6, "num_partial_branches": 0, "covered_branches": 0, "missing_branches": 6, "percent_branches_covered": 0.0, "percent_branches_covered_display": "0"}, "missing_lines": [11, 14, 24, 25, 26, 28, 29, 31, 36, 38, 39, 40, 50, 52], "excluded_lines": [], "executed_branches": [], "missing_branches": [[25, 26], [25, 28], [28, 29], [28, 31], [39, 40], [39, 52]], "functions": {"load_case_csv": {"executed_lines": [], "summary": {"covered_lines": 0, "num_statements": 8, "percent_covered": 0.0, "percent_covered_display": "0", "missing_lines": 8, "excluded_lines": 0, "percent_statements_covered": 0.0, "percent_statements_covered_display": "0", "num_branches": 4, "num_partial_branches": 0, "covered_branches": 0, "missing_branches": 4, "percent_branches_covered": 0.0, "percent_branches_covered_display": "0"}, "missing_lines": [11, 14, 24, 25, 26, 28, 29, 31], "excluded_lines": [], "start_line": 9, "executed_branches": [], "missing_branches": [[25, 26], [25, 28], [28, 29], [28, 31]]}, "load_synthetic_data": {"executed_lines": [], "summary": {"covered_lines": 0, "num_statements": 6, "percent_covered": 0.0, "percent_covered_display": "0", "missing_lines": 6, "excluded_lines": 0, "percent_statements_covered": 0.0, "percent_statements_covered_display": "0", "num_branches": 2, "num_partial_branches": 0, "covered_branches": 0, "missing_branches": 2, "percent_branches_covered": 0.0, "percent_branches_covered_display": "0"}, "missing_lines": [36, 38, 39, 40, 50, 52], "excluded_lines": [], "start_line": 34, "executed_branches": [], "missing_branches": [[39, 40], [39, 52]]}, "": {"executed_lines": [3, 5, 6, 9, 34], "summary": {"covered_lines": 5, "num_statements": 5, "percent_covered": 100.0, "percent_covered_display": "100", "missing_lines": 0, "excluded_lines": 0, "percent_statements_covered": 100.0, "percent_statements_covered_display": "100", "num_branches": 0, "num_partial_branches": 0, "covered_branches": 0, "missing_branches": 0, "percent_branches_covered": 100.0, "percent_branches_covered_display": "100"}, "missing_lines": [], "excluded_lines": [], "start_line": 1, "executed_branches": [], "missing_branches": []}}, "classes": {"": {"executed_lines": [3, 5, 6, 9, 34], "summary": {"covered_lines": 5, "num_statements": 19, "percent_covered": 20.0, "percent_covered_display": "20", "missing_lines": 14, "excluded_lines": 0, "percent_statements_covered": 26.31578947368421, "percent_statements_covered_display": "26", "num_branches": 6, "num_partial_branches": 0, "covered_branches": 0, "missing_branches": 6, "percent_branches_covered": 0.0, "percent_branches_covered_display": "0"}, "missing_lines": [11, 14, 24, 25, 26, 28, 29, 31, 36, 38, 39, 40, 50, 52], "excluded_lines": [], "start_line": 1, "executed_branches": [], "missing_branches": [[25, 26], [25, 28], [28, 29], [28, 31], [39, 40], [39, 52]]}}}, "src\\lbo\\full_simulation.py": {"executed_lines": [1, 2, 4, 5, 8, 9, 10, 11, 12, 13, 14, 15, 16, 17, 18, 19, 20, 21, 22, 23, 24, 25, 26, 27, 28, 29, 30, 31, 32, 35, 38, 39, 41, 42, 43, 44, 46, 47, 48, 49, 50, 51, 53, 54, 55, 57, 58, 59, 60, 62, 63, 64, 65, 67, 68, 69, 71, 72, 73, 74, 75, 77, 78, 80, 83, 88, 89, 90, 91, 94, 97, 98, 101, 102, 106, 107, 108, 109, 110, 112, 122, 123, 124, 130, 131, 132, 133, 134, 136, 137, 138, 139, 140, 141, 145, 200, 203, 209, 210, 211, 212, 213, 214, 215, 219, 221, 234, 244], "summary": {"covered_lines": 108, "num_statements": 124, "percent_covered": 84.05797101449275, "percent_covered_display": "84", "missing_lines": 16, "excluded_lines": 0, "percent_statements_covered": 87.09677419354838, "percent_statements_covered_display": "87", "num_branches": 14, "num_partial_branches": 2, "covered_branches": 8, "missing_branches": 6, "percent_branches_covered": 57.142857142857146, "percent_branches_covered_display": "57"}, "missing_lines": [117, 120, 216, 237, 238, 240, 241, 247, 248, 249, 259, 260, 261, 262, 263, 265], "excluded_lines": [], "executed_branches": [[53, 54], [53, 200], [54, 55], [54, 57], [112, 122], [138, 139], [138, 145], [215, 219]], "missing_branches": [[112, 117], [215, 216], [237, 238], [237, 240], [248, 249], [248, 259]], "functions": {"FullSimulationModel.__init__": {"executed_lines": [39], "summary": {"covered_lines": 1, "num_statements": 1, "percent_covered": 100.0, "percent_covered_display": "100", "missing_lines": 0, "excluded_lines": 0, "percent_statements_covered": 100.0, "percent_statements_covered_display": "100", "num_branches": 0, "num_partial_branches": 0, "covered_branches": 0, "missing_branches": 0, "percent_branches_covered": 100.0, "percent_branches_covered_display": "100"}, "missing_lines": [], "excluded_lines": [], "start_line": 38, "executed_branches": [], "missing_branches": []}, "FullSimulationModel.simulate": {"executed_lines": [42, 43, 44, 46, 47, 48, 49, 50, 51, 53, 54, 55, 57, 58, 59, 60, 62, 63, 64, 65, 67, 68, 69, 71, 72, 73, 74, 75, 77, 78, 80, 83, 88, 89, 90, 91, 94, 97, 98, 101, 102, 106, 107, 108, 109, 110, 112, 122, 123, 124, 130, 131, 132, 133, 134, 136, 137, 138, 139, 140, 141, 145, 200], "summary": {"covered_lines": 63, "num_statements": 65, "percent_covered": 95.89041095890411, "percent_covered_display": "96", "missing_lines": 2, "excluded_lines": 0, "percent_statements_covered": 96.92307692307692, "percent_statements_covered_display": "97", "num_branches": 8, "num_partial_branches": 1, "covered_branches": 7, "missing_branches": 1, "percent_branches_covered": 87.5, "percent_branches_covered_display": "88"}, "missing_lines": [117, 120], "excluded_lines": [], "start_line": 41, "executed_branches": [[53, 54], [53, 200], [54, 55], [54, 57], [112, 122], [138, 139], [138, 145]], "missing_branches": [[112, 117]]}, "entry_sources_and_uses": {"executed_lines": [209, 210, 211, 212, 213, 214, 215, 219, 221], "summary": {"covered_lines": 9, "num_statements": 10, "percent_covered": 83.33333333333333, "percent_covered_display": "83", "missing_lines": 1, "excluded_lines": 0, "percent_statements_covered": 90.0, "percent_statements_covered_display": "90", "num_branches": 2, "num_partial_branches": 1, "covered_branches": 1, "missing_branches": 1, "percent_branches_covered": 50.0, "percent_branches_covered_display": "50"}, "missing_lines": [216], "excluded_lines": [], "start_line": 203, "executed_branches": [[215, 219]], "missing_branches": [[215, 216]]}, "equity_cash_flow_vector": {"executed_lines": [], "summary": {"covered_lines": 0, "num_statements": 4, "percent_covered": 0.0, "percent_covered_display": "0", "missing_lines": 4, "excluded_lines": 0, "percent_statements_covered": 0.0, "percent_statements_covered_display": "0", "num_branches": 2, "num_partial_branches": 0, "covered_branches": 0, "missing_branches": 2, "percent_branches_covered": 0.0, "percent_branches_covered_display": "0"}, "missing_lines": [237, 238, 240, 241], "excluded_lines": [], "start_line": 234, "executed_branches": [], "missing_branches": [[237, 238], [237, 240]]}, "equity_return_metrics": {"executed_lines": [], "summary": {"covered_lines": 0, "num_statements": 9, "percent_covered": 0.0, "percent_covered_display": "0", "missing_lines": 9, "excluded_lines": 0, "percent_statements_covered": 0.0, "percent_statements_covered_display": "0", "num_branches": 2, "num_partial_branches": 0, "covered_branches": 0, "missing_branches": 2, "percent_branches_covered": 0.0, "percent_branches_covered_display": "0"}, "missing_lines": [247, 248, 249, 259, 260, 261, 262, 263, 265], "excluded_lines": [], "start_line": 244, "executed_branches": [], "missing_branches": [[248, 249], [248, 259]]}, "": {"executed_lines": [1, 2, 4, 5, 8, 9, 10, 11, 12, 13, 14, 15, 16, 17, 18, 19, 20, 21, 22, 23, 24, 25, 26, 27, 28, 29, 30, 31, 32, 35, 38, 41, 203, 234, 244], "summary": {"covered_lines": 35, "num_statements": 35, "percent_covered": 100.0, "percent_covered_display": "100", "missing_lines": 0, "excluded_lines": 0, "percent_statements_covered": 100.0, "percent_statements_covered_display": "100", "num_branches": 0, "num_partial_branches": 0, "covered_branches": 0, "missing_branches": 0, "percent_branches_covered": 100.0, "percent_branches_covered_display": "100"}, "missing_lines": [], "excluded_lines": [], "start_line": 1, "executed_branches": [], "missing_branches": []}}, "classes": {"FullSimulationAssumptions": {"executed_lines": [], "summary": {"covered_lines": 0, "num_statements": 0, "percent_covered": 100.0, "percent_covered_display": "100", "missing_lines": 0, "excluded_lines": 0, "percent_statements_covered": 100.0, "percent_statements_covered_display": "100", "num_branches": 0, "num_partial_branches": 0, "covered_branches": 0, "missing_branches": 0, "percent_branches_covered": 100.0, "percent_branches_covered_display": "100"}, "missing_lines": [], "excluded_lines": [], "start_line": 9, "executed_branches": [], "missing_branches": []}, "FullSimulationModel": {"executed_lines": [39, 42, 43, 44, 46, 47, 48, 49, 50, 51, 53, 54, 55, 57, 58, 59, 60, 62, 63, 64, 65, 67, 68, 69, 71, 72, 73, 74, 75, 77, 78, 80, 83, 88, 89, 90, 91, 94, 97, 98, 101, 102, 106, 107, 108, 109, 110, 112, 122, 123, 124, 130, 131, 132, 133, 134, 136, 137, 138, 139, 140, 141, 145, 200], "summary": {"covered_lines": 64, "num_statements": 66, "percent_covered": 95.94594594594595, "percent_covered_display": "96", "missing_lines": 2, "excluded_lines": 0, "percent_statements_covered": 96.96969696969697, "percent_statements_covered_display": "97", "num_branches": 8, "num_partial_branches": 1, "covered_branches": 7, "missing_branches": 1, "percent_branches_covered": 87.5, "percent_branches_covered_display": "88"}, "missing_lines": [117, 120], "excluded_lines": [], "start_line": 35, "executed_branches": [[53, 54], [53, 200], [54, 55], [54, 57], [112, 122], [138, 139], [138, 145]], "missing_branches": [[112, 117]]}, "": {"executed_lines": [1, 2, 4, 5, 8, 9, 10, 11, 12, 13, 14, 15, 16, 17, 18, 19, 20, 21, 22, 23, 24, 25, 26, 27, 28, 29, 30, 31, 32, 35, 38, 41, 203, 209, 210, 211, 212, 213, 214, 215, 219, 221, 234, 244], "summary": {"covered_lines": 44, "num_statements": 58, "percent_covered": 70.3125, "percent_covered_display": "70", "missing_lines": 14, "excluded_lines": 0, "percent_statements_covered": 75.86206896551724, "percent_statements_covered_display": "76", "num_branches": 6, "num_partial_branches": 1, "covered_branches": 1, "missing_branches": 5, "percent_branches_covered": 16.666666666666668, "percent_branches_covered_display": "17"}, "missing_lines": [216, 237, 238, 240, 241, 247, 248, 249, 259, 260, 261, 262, 263, 265], "excluded_lines": [], "start_line": 1, "executed_branches": [[215, 219]], "missing_branches": [[215, 216], [237, 238], [237, 240], [248, 249], [248, 259]]}}}, "src\\lbo\\lbo_model.py": {"executed_lines": [1, 2, 4, 7, 8, 11, 12, 15, 16, 36, 37, 40, 46, 55, 56, 152, 194, 205], "summary": {"covered_lines": 18, "num_statements": 187, "percent_covered": 7.1146245059288535, "percent_covered_display": "7", "missing_lines": 169, "excluded_lines": 0, "percent_statements_covered": 9.62566844919786, "percent_statements_covered_display": "10", "num_branches": 66, "num_partial_branches": 0, "covered_branches": 0, "missing_branches": 66, "percent_branches_covered": 0.0, "percent_branches_covered_display": "0"}, "missing_lines": [26, 27, 28, 29, 30, 31, 32, 33, 34, 38, 41, 42, 43, 44, 47, 48, 49, 50, 51, 52, 91, 92, 94, 95, 96, 97, 98, 99, 100, 101, 102, 103, 104, 105, 106, 107, 110, 111, 112, 113, 114, 115, 118, 120, 121, 122, 124, 125, 126, 127, 128, 130, 141, 142, 164, 165, 167, 168, 170, 172, 175, 178, 180, 190, 192, 196, 197, 199, 200, 206, 207, 208, 210, 211, 213, 214, 215, 216, 218, 219, 221, 223, 224, 226, 228, 229, 231, 232, 233, 236, 237, 238, 241, 244, 246, 247, 248, 251, 252, 254, 257, 258, 259, 260, 263, 269, 270, 271, 272, 275, 280, 281, 282, 284, 285, 287, 288, 289, 291, 292, 293, 294, 295, 296, 297, 298, 299, 300, 301, 302, 303, 304, 306, 307, 308, 309, 310, 311, 312, 313, 314, 315, 316, 317, 318, 319, 320, 321, 323, 324, 330, 343, 345, 346, 347, 350, 353, 354, 357, 358, 361, 362, 363, 364, 365, 366, 367, 369, 375], "excluded_lines": [], "executed_branches": [], "missing_branches": [[42, 43], [42, 44], [47, 48], [47, 49], [91, 92], [91, 94], [141, -56], [141, 142], [164, 165], [164, 167], [170, 172], [170, 192], [196, 197], [196, 199], [213, 214], [213, 345], [214, 215], [214, 216], [218, 219], [218, 221], [223, 224], [223, 226], [228, 229], [228, 231], [244, 246], [244, 251], [257, 258], [257, 269], [259, 260], [259, 269], [269, 270], [269, 280], [271, 272], [271, 280], [287, 288], [287, 291], [288, 287], [288, 289], [291, 292], [291, 306], [292, 291], [292, 293], [298, 291], [298, 299], [300, 301], [300, 303], [303, 291], [303, 304], [307, 308], [307, 314], [308, 307], [308, 309], [312, 307], [312, 313], [314, 315], [314, 321], [315, 314], [315, 316], [319, 314], [319, 320], [362, 363], [362, 369], [364, 365], [364, 366], [366, 367], [366, 369]], "functions": {"DebtTranche.__init__": {"executed_lines": [], "summary": {"covered_lines": 0, "num_statements": 9, "percent_covered": 0.0, "percent_covered_display": "0", "missing_lines": 9, "excluded_lines": 0, "percent_statements_covered": 0.0, "percent_statements_covered_display": "0", "num_branches": 0, "num_partial_branches": 0, "covered_branches": 0, "missing_branches": 0, "percent_branches_covered": 100.0, "percent_branches_covered_display": "100"}, "missing_lines": [26, 27, 28, 29, 30, 31, 32, 33, 34], "excluded_lines": [], "start_line": 16, "executed_branches": [], "missing_branches": []}, "DebtTranche.debt": {"executed_lines": [], "summary": {"covered_lines": 0, "num_statements": 1, "percent_covered": 0.0, "percent_covered_display": "0", "missing_lines": 1, "excluded_lines": 0, "percent_statements_covered": 0.0, "percent_statements_covered_display": "0", "num_branches": 0, "num_partial_branches": 0, "covered_branches": 0, "missing_branches": 0, "percent_branches_covered": 100.0, "percent_branches_covered_display": "100"}, "missing_lines": [38], "excluded_lines": [], "start_line": 37, "executed_branches": [], "missing_branches": []}, "DebtTranche.charge_interest": {"executed_lines": [], "summary": {"covered_lines": 0, "num_statements": 4, "percent_covered": 0.0, "percent_covered_display": "0", "missing_lines": 4, "excluded_lines": 0, "percent_statements_covered": 0.0, "percent_statements_covered_display": "0", "num_branches": 2, "num_partial_branches": 0, "covered_branches": 0, "missing_branches": 2, "percent_branches_covered": 0.0, "percent_branches_covered_display": "0"}, "missing_lines": [41, 42, 43, 44], "excluded_lines": [], "start_line": 40, "executed_branches": [], "missing_branches": [[42, 43], [42, 44]]}, "DebtTranche.draw": {"executed_lines": [], "summary": {"covered_lines": 0, "num_statements": 6, "percent_covered": 0.0, "percent_covered_display": "0", "missing_lines": 6, "excluded_lines": 0, "percent_statements_covered": 0.0, "percent_statements_covered_display": "0", "num_branches": 2, "num_partial_branches": 0, "covered_branches": 0, "missing_branches": 2, "percent_branches_covered": 0.0, "percent_branches_covered_display": "0"}, "missing_lines": [47, 48, 49, 50, 51, 52], "excluded_lines": [], "start_line": 46, "executed_branches": [], "missing_branches": [[47, 48], [47, 49]]}, "LBOModel.__init__": {"executed_lines": [], "summary": {"covered_lines": 0, "num_statements": 34, "percent_covered": 0.0, "percent_covered_display": "0", "missing_lines": 34, "excluded_lines": 0, "percent_statements_covered": 0.0, "percent_statements_covered_display": "0", "num_branches": 4, "num_partial_branches": 0, "covered_branches": 0, "missing_branches": 4, "percent_branches_covered": 0.0, "percent_branches_covered_display": "0"}, "missing_lines": [91, 92, 94, 95, 96, 97, 98, 99, 100, 101, 102, 103, 104, 105, 106, 107, 110, 111, 112, 113, 114, 115, 118, 120, 121, 122, 124, 125, 126, 127, 128, 130, 141, 142], "excluded_lines": [], "start_line": 56, "executed_branches": [], "missing_branches": [[91, 92], [91, 94], [141, -56], [141, 142]]}, "LBOModel._compute_lease_schedule": {"executed_lines": [], "summary": {"covered_lines": 0, "num_statements": 11, "percent_covered": 0.0, "percent_covered_display": "0", "missing_lines": 11, "excluded_lines": 0, "percent_statements_covered": 0.0, "percent_statements_covered_display": "0", "num_branches": 4, "num_partial_branches": 0, "covered_branches": 0, "missing_branches": 4, "percent_branches_covered": 0.0, "percent_branches_covered_display": "0"}, "missing_lines": [164, 165, 167, 168, 170, 172, 175, 178, 180, 190, 192], "excluded_lines": [], "start_line": 152, "executed_branches": [], "missing_branches": [[164, 165], [164, 167], [170, 172], [170, 192]]}, "LBOModel.get_lease_metrics": {"executed_lines": [], "summary": {"covered_lines": 0, "num_statements": 4, "percent_covered": 0.0, "percent_covered_display": "0", "missing_lines": 4, "excluded_lines": 0, "percent_statements_covered": 0.0, "percent_statements_covered_display": "0", "num_branches": 2, "num_partial_branches": 0, "covered_branches": 0, "missing_branches": 2, "percent_branches_covered": 0.0, "percent_branches_covered_display": "0"}, "missing_lines": [196, 197, 199, 200], "excluded_lines": [], "start_line": 194, "executed_branches": [], "missing_branches": [[196, 197], [196, 199]]}, "LBOModel.run": {"executed_lines": [], "summary": {"covered_lines": 0, "num_statements": 100, "percent_covered": 0.0, "percent_covered_display": "0", "missing_lines": 100, "excluded_lines": 0, "percent_statements_covered": 0.0, "percent_statements_covered_display": "0", "num_branches": 52, "num_partial_branches": 0, "covered_branches": 0, "missing_branches": 52, "percent_branches_covered": 0.0, "percent_branches_covered_display": "0"}, "missing_lines": [206, 207, 208, 210, 211, 213, 214, 215, 216, 218, 219, 221, 223, 224, 226, 228, 229, 231, 232, 233, 236, 237, 238, 241, 244, 246, 247, 248, 251, 252, 254, 257, 258, 259, 260, 263, 269, 270, 271, 272, 275, 280, 281, 282, 284, 285, 287, 288, 289, 291, 292, 293, 294, 295, 296, 297, 298, 299, 300, 301, 302, 303, 304, 306, 307, 308, 309, 310, 311, 312, 313, 314, 315, 316, 317, 318, 319, 320, 321, 323, 324, 330, 343, 345, 346, 347, 350, 353, 354, 357, 358, 361, 362, 363, 364, 365, 366, 367, 369, 375], "excluded_lines": [], "start_line": 205, "executed_branches": [], "missing_branches": [[213, 214], [213, 345], [214, 215], [214, 216], [218, 219], [218, 221], [223, 224], [223, 226], [228, 229], [228, 231], [244, 246], [244, 251], [257, 258], [257, 269], [259, 260], [259, 269], [269, 270], [269, 280], [271, 272], [271, 280], [287, 288], [287, 291], [288, 287], [288, 289], [291, 292], [291, 306], [292, 291], [292, 293], [298, 291], [298, 299], [300, 301], [300, 303], [303, 291], [303, 304], [307, 308], [307, 314], [308, 307], [308, 309], [312, 307], [312, 313], [314, 315], [314, 321], [315, 314], [315, 316], [319, 314], [319, 320], [362, 363], [362, 369], [364, 365], [364, 366], [366, 367], [366, 369]]}, "": {"executed_lines": [1, 2, 4, 7, 8, 11, 12, 15, 16, 36, 37, 40, 46, 55, 56, 152, 194, 205], "summary": {"covered_lines": 18, "num_statements": 18, "percent_covered": 100.0, "percent_covered_display": "100", "missing_lines": 0, "excluded_lines": 0, "percent_statements_covered": 100.0, "percent_statements_covered_display": "100", "num_branches": 0, "num_partial_branches": 0, "covered_branches": 0, "missing_branches": 0, "percent_branches_covered": 100.0, "percent_branches_covered_display": "100"}, "missing_lines": [], "excluded_lines": [], "start_line": 1, "executed_branches": [], "missing_branches": []}}, "classes": {"CovenantBreachError": {"executed_lines": [], "summary": {"covered_lines": 0, "num_statements": 0, "percent_covered": 100.0, "percent_covered_display": "100", "missing_lines": 0, "excluded_lines": 0, "percent_statements_covered": 100.0, "percent_statements_covered_display": "100", "num_branches": 0, "num_partial_branches": 0, "covered_branches": 0, "missing_branches": 0, "percent_branches_covered": 100.0, "percent_branches_covered_display": "100"}, "missing_lines": [], "excluded_lines": [], "start_line": 7, "executed_branches": [], "missing_branches": []}, "InsolvencyError": {"executed_lines": [], "summary": {"covered_lines": 0, "num_statements": 0, "percent_covered": 100.0, "percent_covered_display": "100", "missing_lines": 0, "excluded_lines": 0, "percent_statements_covered": 100.0, "percent_statements_covered_display": "100", "num_branches": 0, "num_partial_branches": 0, "covered_branches": 0, "missing_branches": 0, "percent_branches_covered": 100.0, "percent_branches_covered_display": "100"}, "missing_lines": [], "excluded_lines": [], "start_line": 11, "executed_branches": [], "missing_branches": []}, "DebtTranche": {"executed_lines": [], "summary": {"covered_lines": 0, "num_statements": 20, "percent_covered": 0.0, "percent_covered_display": "0", "missing_lines": 20, "excluded_lines": 0, "percent_statements_covered": 0.0, "percent_statements_covered_display": "0", "num_branches": 4, "num_partial_branches": 0, "covered_branches": 0, "missing_branches": 4, "percent_branches_covered": 0.0, "percent_branches_covered_display": "0"}, "missing_lines": [26, 27, 28, 29, 30, 31, 32, 33, 34, 38, 41, 42, 43, 44, 47, 48, 49, 50, 51, 52], "excluded_lines": [], "start_line": 15, "executed_branches": [], "missing_branches": [[42, 43], [42, 44], [47, 48], [47, 49]]}, "LBOModel": {"executed_lines": [], "summary": {"covered_lines": 0, "num_statements": 149, "percent_covered": 0.0, "percent_covered_display": "0", "missing_lines": 149, "excluded_lines": 0, "percent_statements_covered": 0.0, "percent_statements_covered_display": "0", "num_branches": 62, "num_partial_branches": 0, "covered_branches": 0, "missing_branches": 62, "percent_branches_covered": 0.0, "percent_branches_covered_display": "0"}, "missing_lines": [91, 92, 94, 95, 96, 97, 98, 99, 100, 101, 102, 103, 104, 105, 106, 107, 110, 111, 112, 113, 114, 115, 118, 120, 121, 122, 124, 125, 126, 127, 128, 130, 141, 142, 164, 165, 167, 168, 170, 172, 175, 178, 180, 190, 192, 196, 197, 199, 200, 206, 207, 208, 210, 211, 213, 214, 215, 216, 218, 219, 221, 223, 224, 226, 228, 229, 231, 232, 233, 236, 237, 238, 241, 244, 246, 247, 248, 251, 252, 254, 257, 258, 259, 260, 263, 269, 270, 271, 272, 275, 280, 281, 282, 284, 285, 287, 288, 289, 291, 292, 293, 294, 295, 296, 297, 298, 299, 300, 301, 302, 303, 304, 306, 307, 308, 309, 310, 311, 312, 313, 314, 315, 316, 317, 318, 319, 320, 321, 323, 324, 330, 343, 345, 346, 347, 350, 353, 354, 357, 358, 361, 362, 363, 364, 365, 366, 367, 369, 375], "excluded_lines": [], "start_line": 55, "executed_branches": [], "missing_branches": [[91, 92], [91, 94], [141, -56], [141, 142], [164, 165], [164, 167], [170, 172], [170, 192], [196, 197], [196, 199], [213, 214], [213, 345], [214, 215], [214, 216], [218, 219], [218, 221], [223, 224], [223, 226], [228, 229], [228, 231], [244, 246], [244, 251], [257, 258], [257, 269], [259, 260], [259, 269], [269, 270], [269, 280], [271, 272], [271, 280], [287, 288], [287, 291], [288, 287], [288, 289], [291, 292], [291, 306], [292, 291], [292, 293], [298, 291], [298, 299], [300, 301], [300, 303], [303, 291], [303, 304], [307, 308], [307, 314], [308, 307], [308, 309], [312, 307], [312, 313], [314, 315], [314, 321], [315, 314], [315, 316], [319, 314], [319, 320], [362, 363], [362, 369], [364, 365], [364, 366], [366, 367], [366, 369]]}, "": {"executed_lines": [1, 2, 4, 7, 8, 11, 12, 15, 16, 36, 37, 40, 46, 55, 56, 152, 194, 205], "summary": {"covered_lines": 18, "num_statements": 18, "percent_covered": 100.0, "percent_covered_display": "100", "missing_lines": 0, "excluded_lines": 0, "percent_statements_covered": 100.0, "percent_statements_covered_display": "100", "num_branches": 0, "num_partial_branches": 0, "covered_branches": 0, "missing_branches": 0, "percent_branches_covered": 100.0, "percent_branches_covered_display": "100"}, "missing_lines": [], "excluded_lines": [], "start_line": 1, "executed_branches": [], "missing_branches": []}}}, "src\\lbo\\lbo_model_analytic.py": {"executed_lines": [19, 20, 21, 23, 24, 25, 28, 29, 33, 34, 37, 38, 41, 42, 43, 44, 45, 48, 49, 50, 51, 52, 53, 54, 57, 58, 61, 64, 65, 79, 80, 83, 88, 92, 170, 229, 299, 362, 448, 523], "summary": {"covered_lines": 40, "num_statements": 244, "percent_covered": 14.04109589041096, "percent_covered_display": "14", "missing_lines": 204, "excluded_lines": 0, "percent_statements_covered": 16.39344262295082, "percent_statements_covered_display": "16", "num_branches": 48, "num_partial_branches": 1, "covered_branches": 1, "missing_branches": 47, "percent_branches_covered": 2.0833333333333335, "percent_branches_covered_display": "2"}, "missing_lines": [89, 90, 96, 97, 100, 104, 105, 111, 112, 115, 117, 118, 119, 120, 126, 127, 128, 129, 130, 131, 132, 133, 135, 138, 139, 142, 145, 148, 149, 150, 153, 155, 168, 177, 178, 181, 183, 184, 186, 189, 200, 202, 205, 206, 209, 212, 215, 217, 218, 221, 224, 225, 227, 246, 247, 250, 253, 254, 256, 257, 258, 261, 262, 265, 266, 267, 270, 271, 273, 274, 277, 278, 280, 290, 291, 297, 303, 304, 307, 309, 310, 312, 315, 316, 317, 318, 319, 320, 321, 324, 326, 327, 328, 329, 330, 331, 332, 335, 336, 337, 338, 339, 340, 341, 342, 343, 346, 347, 348, 349, 350, 351, 352, 353, 355, 357, 358, 360, 366, 367, 370, 372, 373, 376, 378, 379, 381, 382, 383, 384, 385, 386, 387, 390, 391, 392, 394, 395, 396, 397, 398, 399, 402, 403, 404, 414, 415, 416, 419, 421, 422, 423, 424, 425, 426, 429, 430, 431, 440, 442, 443, 445, 450, 452, 453, 454, 455, 456, 458, 461, 464, 465, 468, 469, 472, 473, 474, 475, 476, 479, 480, 481, 482, 483, 484, 489, 490, 492, 498, 499, 500, 501, 502, 505, 506, 509, 510, 511, 514, 515, 516, 518, 520, 524], "excluded_lines": [], "executed_branches": [[523, -1]], "missing_branches": [[117, 118], [117, 126], [126, 127], [126, 135], [129, 130], [129, 138], [177, 178], [177, 181], [200, 202], [200, 224], [246, 247], [246, 250], [266, 267], [266, 273], [290, 291], [290, 297], [303, 304], [303, 307], [357, 358], [357, 360], [366, 367], [366, 370], [381, 382], [381, 390], [382, 383], [382, 385], [385, 381], [385, 386], [402, 403], [402, 414], [403, 402], [403, 404], [429, 430], [429, 440], [430, 429], [430, 431], [442, 443], [442, 445], [480, 481], [480, 489], [483, 480], [483, 484], [489, 490], [489, 505], [505, 506], [505, 520], [523, 524]], "functions": {"AnalyticLBOModel.__init__": {"executed_lines": [], "summary": {"covered_lines": 0, "num_statements": 2, "percent_covered": 0.0, "percent_covered_display": "0", "missing_lines": 2, "excluded_lines": 0, "percent_statements_covered": 0.0, "percent_statements_covered_display": "0", "num_branches": 0, "num_partial_branches": 0, "covered_branches": 0, "missing_branches": 0, "percent_branches_covered": 100.0, "percent_branches_covered_display": "100"}, "missing_lines": [89, 90], "excluded_lines": [], "start_line": 88, "executed_branches": [], "missing_branches": []}, "AnalyticLBOModel.solve_paths": {"executed_lines": [], "summary": {"covered_lines": 0, "num_statements": 31, "percent_covered": 0.0, "percent_covered_display": "0", "missing_lines": 31, "excluded_lines": 0, "percent_statements_covered": 0.0, "percent_statements_covered_display": "0", "num_branches": 6, "num_partial_branches": 0, "covered_branches": 0, "missing_branches": 6, "percent_branches_covered": 0.0, "percent_branches_covered_display": "0"}, "missing_lines": [96, 97, 100, 104, 105, 111, 112, 115, 117, 118, 119, 120, 126, 127, 128, 129, 130, 131, 132, 133, 135, 138, 139, 142, 145, 148, 149, 150, 153, 155, 168], "excluded_lines": [], "start_line": 92, "executed_branches": [], "missing_branches": [[117, 118], [117, 126], [126, 127], [126, 135], [129, 130], [129, 138]]}, "AnalyticLBOModel.compute_elasticities": {"executed_lines": [], "summary": {"covered_lines": 0, "num_statements": 20, "percent_covered": 0.0, "percent_covered_display": "0", "missing_lines": 20, "excluded_lines": 0, "percent_statements_covered": 0.0, "percent_statements_covered_display": "0", "num_branches": 4, "num_partial_branches": 0, "covered_branches": 0, "missing_branches": 4, "percent_branches_covered": 0.0, "percent_branches_covered_display": "0"}, "missing_lines": [177, 178, 181, 183, 184, 186, 189, 200, 202, 205, 206, 209, 212, 215, 217, 218, 221, 224, 225, 227], "excluded_lines": [], "start_line": 170, "executed_branches": [], "missing_branches": [[177, 178], [177, 181], [200, 202], [200, 224]]}, "AnalyticLBOModel.validate_against_simulation": {"executed_lines": [], "summary": {"covered_lines": 0, "num_statements": 23, "percent_covered": 0.0, "percent_covered_display": "0", "missing_lines": 23, "excluded_lines": 0, "percent_statements_covered": 0.0, "percent_statements_covered_display": "0", "num_branches": 6, "num_partial_branches": 0, "covered_branches": 0, "missing_branches": 6, "percent_branches_covered": 0.0, "percent_branches_covered_display": "0"}, "missing_lines": [246, 247, 250, 253, 254, 256, 257, 258, 261, 262, 265, 266, 267, 270, 271, 273, 274, 277, 278, 280, 290, 291, 297], "excluded_lines": [], "start_line": 229, "executed_branches": [], "missing_branches": [[246, 247], [246, 250], [266, 267], [266, 273], [290, 291], [290, 297]]}, "AnalyticLBOModel.plot_paths": {"executed_lines": [], "summary": {"covered_lines": 0, "num_statements": 42, "percent_covered": 0.0, "percent_covered_display": "0", "missing_lines": 42, "excluded_lines": 0, "percent_statements_covered": 0.0, "percent_statements_covered_display": "0", "num_branches": 4, "num_partial_branches": 0, "covered_branches": 0, "missing_branches": 4, "percent_branches_covered": 0.0, "percent_branches_covered_display": "0"}, "missing_lines": [303, 304, 307, 309, 310, 312, 315, 316, 317, 318, 319, 320, 321, 324, 326, 327, 328, 329, 330, 331, 332, 335, 336, 337, 338, 339, 340, 341, 342, 343, 346, 347, 348, 349, 350, 351, 352, 353, 355, 357, 358, 360], "excluded_lines": [], "start_line": 299, "executed_branches": [], "missing_branches": [[303, 304], [303, 307], [357, 358], [357, 360]]}, "AnalyticLBOModel.plot_elasticities": {"executed_lines": [], "summary": {"covered_lines": 0, "num_statements": 44, "percent_covered": 0.0, "percent_covered_display": "0", "missing_lines": 44, "excluded_lines": 0, "percent_statements_covered": 0.0, "percent_statements_covered_display": "0", "num_branches": 18, "num_partial_branches": 0, "covered_branches": 0, "missing_branches": 18, "percent_branches_covered": 0.0, "percent_branches_covered_display": "0"}, "missing_lines": [366, 367, 370, 372, 373, 376, 378, 379, 381, 382, 383, 384, 385, 386, 387, 390, 391, 392, 394, 395, 396, 397, 398, 399, 402, 403, 404, 414, 415, 416, 419, 421, 422, 423, 424, 425, 426, 429, 430, 431, 440, 442, 443, 445], "excluded_lines": [], "start_line": 362, "executed_branches": [], "missing_branches": [[366, 367], [366, 370], [381, 382], [381, 390], [382, 383], [382, 385], [385, 381], [385, 386], [402, 403], [402, 414], [403, 402], [403, 404], [429, 430], [429, 440], [430, 429], [430, 431], [442, 443], [442, 445]]}, "main": {"executed_lines": [], "summary": {"covered_lines": 0, "num_statements": 41, "percent_covered": 0.0, "percent_covered_display": "0", "missing_lines": 41, "excluded_lines": 0, "percent_statements_covered": 0.0, "percent_statements_covered_display": "0", "num_branches": 8, "num_partial_branches": 0, "covered_branches": 0, "missing_branches": 8, "percent_branches_covered": 0.0, "percent_branches_covered_display": "0"}, "missing_lines": [450, 452, 453, 454, 455, 456, 458, 461, 464, 465, 468, 469, 472, 473, 474, 475, 476, 479, 480, 481, 482, 483, 484, 489, 490, 492, 498, 499, 500, 501, 502, 505, 506, 509, 510, 511, 514, 515, 516, 518, 520], "excluded_lines": [], "start_line": 448, "executed_branches": [], "missing_branches": [[480, 481], [480, 489], [483, 480], [483, 484], [489, 490], [489, 505], [505, 506], [505, 520]]}, "": {"executed_lines": [19, 20, 21, 23, 24, 25, 28, 29, 33, 34, 37, 38, 41, 42, 43, 44, 45, 48, 49, 50, 51, 52, 53, 54, 57, 58, 61, 64, 65, 79, 80, 83, 88, 92, 170, 229, 299, 362, 448, 523], "summary": {"covered_lines": 40, "num_statements": 41, "percent_covered": 95.34883720930233, "percent_covered_display": "95", "missing_lines": 1, "excluded_lines": 0, "percent_statements_covered": 97.5609756097561, "percent_statements_covered_display": "98", "num_branches": 2, "num_partial_branches": 1, "covered_branches": 1, "missing_branches": 1, "percent_branches_covered": 50.0, "percent_branches_covered_display": "50"}, "missing_lines": [524], "excluded_lines": [], "start_line": 1, "executed_branches": [[523, -1]], "missing_branches": [[523, 524]]}}, "classes": {"AnalyticAssumptions": {"executed_lines": [], "summary": {"covered_lines": 0, "num_statements": 0, "percent_covered": 100.0, "percent_covered_display": "100", "missing_lines": 0, "excluded_lines": 0, "percent_statements_covered": 100.0, "percent_statements_covered_display": "100", "num_branches": 0, "num_partial_branches": 0, "covered_branches": 0, "missing_branches": 0, "percent_branches_covered": 100.0, "percent_branches_covered_display": "100"}, "missing_lines": [], "excluded_lines": [], "start_line": 29, "executed_branches": [], "missing_branches": []}, "AnalyticResults": {"executed_lines": [], "summary": {"covered_lines": 0, "num_statements": 0, "percent_covered": 100.0, "percent_covered_display": "100", "missing_lines": 0, "excluded_lines": 0, "percent_statements_covered": 100.0, "percent_statements_covered_display": "100", "num_branches": 0, "num_partial_branches": 0, "covered_branches": 0, "missing_branches": 0, "percent_branches_covered": 100.0, "percent_branches_covered_display": "100"}, "missing_lines": [], "excluded_lines": [], "start_line": 65, "executed_branches": [], "missing_branches": []}, "AnalyticLBOModel": {"executed_lines": [], "summary": {"covered_lines": 0, "num_statements": 162, "percent_covered": 0.0, "percent_covered_display": "0", "missing_lines": 162, "excluded_lines": 0, "percent_statements_covered": 0.0, "percent_statements_covered_display": "0", "num_branches": 38, "num_partial_branches": 0, "covered_branches": 0, "missing_branches": 38, "percent_branches_covered": 0.0, "percent_branches_covered_display": "0"}, "missing_lines": [89, 90, 96, 97, 100, 104, 105, 111, 112, 115, 117, 118, 119, 120, 126, 127, 128, 129, 130, 131, 132, 133, 135, 138, 139, 142, 145, 148, 149, 150, 153, 155, 168, 177, 178, 181, 183, 184, 186, 189, 200, 202, 205, 206, 209, 212, 215, 217, 218, 221, 224, 225, 227, 246, 247, 250, 253, 254, 256, 257, 258, 261, 262, 265, 266, 267, 270, 271, 273, 274, 277, 278, 280, 290, 291, 297, 303, 304, 307, 309, 310, 312, 315, 316, 317, 318, 319, 320, 321, 324, 326, 327, 328, 329, 330, 331, 332, 335, 336, 337, 338, 339, 340, 341, 342, 343, 346, 347, 348, 349, 350, 351, 352, 353, 355, 357, 358, 360, 366, 367, 370, 372, 373, 376, 378, 379, 381, 382, 383, 384, 385, 386, 387, 390, 391, 392, 394, 395, 396, 397, 398, 399, 402, 403, 404, 414, 415, 416, 419, 421, 422, 423, 424, 425, 426, 429, 430, 431, 440, 442, 443, 445], "excluded_lines": [], "start_line": 83, "executed_branches": [], "missing_branches": [[117, 118], [117, 126], [126, 127], [126, 135], [129, 130], [129, 138], [177, 178], [177, 181], [200, 202], [200, 224], [246, 247], [246, 250], [266, 267], [266, 273], [290, 291], [290, 297], [303, 304], [303, 307], [357, 358], [357, 360], [366, 367], [366, 370], [381, 382], [381, 390], [382, 383], [382, 385], [385, 381], [385, 386], [402, 403], [402, 414], [403, 402], [403, 404], [429, 430], [429, 440], [430, 429], [430, 431], [442, 443], [442, 445]]}, "": {"executed_lines": [19, 20, 21, 23, 24, 25, 28, 29, 33, 34, 37, 38, 41, 42, 43, 44, 45, 48, 49, 50, 51, 52, 53, 54, 57, 58, 61, 64, 65, 79, 80, 83, 88, 92, 170, 229, 299, 362, 448, 523], "summary": {"covered_lines": 40, "num_statements": 82, "percent_covered": 44.56521739130435, "percent_covered_display": "45", "missing_lines": 42, "excluded_lines": 0, "percent_statements_covered": 48.78048780487805, "percent_statements_covered_display": "49", "num_branches": 10, "num_partial_branches": 1, "covered_branches": 1, "missing_branches": 9, "percent_branches_covered": 10.0, "percent_branches_covered_display": "10"}, "missing_lines": [450, 452, 453, 454, 455, 456, 458, 461, 464, 465, 468, 469, 472, 473, 474, 475, 476, 479, 480, 481, 482, 483, 484, 489, 490, 492, 498, 499, 500, 501, 502, 505, 506, 509, 510, 511, 514, 515, 516, 518, 520, 524], "excluded_lines": [], "start_line": 1, "executed_branches": [[523, -1]], "missing_branches": [[480, 481], [480, 489], [483, 480], [483, 484], [489, 490], [489, 505], [505, 506], [505, 520], [523, 524]]}}}, "src\\lbo\\validation.py": {"executed_lines": [3, 5, 6, 7, 10, 12, 13, 14, 16, 18, 19, 23, 24, 27, 28, 29, 30, 31, 32, 33, 34, 35, 36, 38, 45, 63, 64, 65, 71, 84, 87, 88, 89, 91, 111, 118, 121, 128, 131, 132, 133, 134, 139, 140, 143, 144, 145, 146, 150, 151, 152, 159, 160, 168, 175, 182, 189, 197, 204, 210, 212, 219, 222, 231, 238, 246, 255, 256, 257, 265, 271, 272, 275, 278, 279, 281, 288, 296, 297, 299, 306, 313, 314, 323, 324, 333, 334, 343, 345, 348, 349, 352, 356, 359, 360, 362, 368, 369, 372, 373, 375, 377, 379], "summary": {"covered_lines": 103, "num_statements": 128, "percent_covered": 74.15730337078652, "percent_covered_display": "74", "missing_lines": 25, "excluded_lines": 0, "percent_statements_covered": 80.46875, "percent_statements_covered_display": "80", "num_branches": 50, "num_partial_branches": 19, "covered_branches": 29, "missing_branches": 21, "percent_branches_covered": 58.0, "percent_branches_covered_display": "58"}, "missing_lines": [15, 17, 20, 39, 43, 47, 66, 67, 68, 85, 98, 119, 129, 141, 211, 239, 273, 280, 298, 315, 335, 344, 370, 374, 376], "excluded_lines": [], "executed_branches": [[12, 13], [12, 14], [14, 16], [16, 18], [18, 19], [64, 65], [84, 87], [118, -111], [128, -121], [132, 133], [132, 379], [140, 143], [150, 151], [150, 168], [204, 210], [204, 212], [210, 204], [238, 246], [272, 275], [279, 281], [296, 297], [296, 299], [297, 296], [314, 323], [334, 343], [343, 345], [369, 372], [373, 375], [375, 377]], "missing_branches": [[14, 15], [16, 17], [18, 20], [64, 66], [66, 67], [66, 68], [84, 85], [118, 119], [128, 129], [140, 141], [210, 211], [238, 239], [272, 273], [279, 280], [297, 298], [314, 315], [334, 335], [343, 344], [369, 370], [373, 374], [375, 376]], "functions": {"_json_value": {"executed_lines": [12, 13, 14, 16, 18, 19], "summary": {"covered_lines": 6, "num_statements": 9, "percent_covered": 64.70588235294117, "percent_covered_display": "65", "missing_lines": 3, "excluded_lines": 0, "percent_statements_covered": 66.66666666666667, "percent_statements_covered_display": "67", "num_branches": 8, "num_partial_branches": 3, "covered_branches": 5, "missing_branches": 3, "percent_branches_covered": 62.5, "percent_branches_covered_display": "62"}, "missing_lines": [15, 17, 20], "excluded_lines": [], "start_line": 10, "executed_branches": [[12, 13], [12, 14], [14, 16], [16, 18], [18, 19]], "missing_branches": [[14, 15], [16, 17], [18, 20]]}, "SimulationInvariantError.__post_init__": {"executed_lines": [], "summary": {"covered_lines": 0, "num_statements": 2, "percent_covered": 0.0, "percent_covered_display": "0", "missing_lines": 2, "excluded_lines": 0, "percent_statements_covered": 0.0, "percent_statements_covered_display": "0", "num_branches": 0, "num_partial_branches": 0, "covered_branches": 0, "missing_branches": 0, "percent_branches_covered": 100.0, "percent_branches_covered_display": "100"}, "missing_lines": [39, 43], "excluded_lines": [], "start_line": 38, "executed_branches": [], "missing_branches": []}, "SimulationInvariantError.to_record": {"executed_lines": [], "summary": {"covered_lines": 0, "num_statements": 1, "percent_covered": 0.0, "percent_covered_display": "0", "missing_lines": 1, "excluded_lines": 0, "percent_statements_covered": 0.0, "percent_statements_covered_display": "0", "num_branches": 0, "num_partial_branches": 0, "covered_branches": 0, "missing_branches": 0, "percent_branches_covered": 100.0, "percent_branches_covered_display": "100"}, "missing_lines": [47], "excluded_lines": [], "start_line": 45, "executed_branches": [], "missing_branches": []}, "_assumption_state": {"executed_lines": [64, 65], "summary": {"covered_lines": 2, "num_statements": 5, "percent_covered": 33.333333333333336, "percent_covered_display": "33", "missing_lines": 3, "excluded_lines": 0, "percent_statements_covered": 40.0, "percent_statements_covered_display": "40", "num_branches": 4, "num_partial_branches": 1, "covered_branches": 1, "missing_branches": 3, "percent_branches_covered": 25.0, "percent_branches_covered_display": "25"}, "missing_lines": [66, 67, 68], "excluded_lines": [], "start_line": 63, "executed_branches": [[64, 65]], "missing_branches": [[64, 66], [66, 67], [66, 68]]}, "validate_simulation": {"executed_lines": [84, 87, 88, 89, 91, 111, 121, 131, 132, 133, 134, 139, 140, 143, 144, 145, 146, 150, 151, 152, 159, 160, 168, 175, 182, 189, 197, 204, 210, 212, 219, 222, 231, 238, 246, 255, 256, 257, 265, 271, 272, 275, 278, 279, 281, 288, 296, 297, 299, 306, 313, 314, 323, 324, 333, 334, 343, 345, 348, 349, 352, 356, 359, 360, 362, 368, 369, 372, 373, 375, 377, 379], "summary": {"covered_lines": 72, "num_statements": 85, "percent_covered": 78.15126050420169, "percent_covered_display": "78", "missing_lines": 13, "excluded_lines": 0, "percent_statements_covered": 84.70588235294117, "percent_statements_covered_display": "85", "num_branches": 34, "num_partial_branches": 13, "covered_branches": 21, "missing_branches": 13, "percent_branches_covered": 61.76470588235294, "percent_branches_covered_display": "62"}, "missing_lines": [85, 141, 211, 239, 273, 280, 298, 315, 335, 344, 370, 374, 376], "excluded_lines": [], "start_line": 71, "executed_branches": [[84, 87], [132, 133], [132, 379], [140, 143], [150, 151], [150, 168], [204, 210], [204, 212], [210, 204], [238, 246], [272, 275], [279, 281], [296, 297], [296, 299], [297, 296], [314, 323], [334, 343], [343, 345], [369, 372], [373, 375], [375, 377]], "missing_branches": [[84, 85], [140, 141], [210, 211], [238, 239], [272, 273], [279, 280], [297, 298], [314, 315], [334, 335], [343, 344], [369, 370], [373, 374], [375, 376]]}, "validate_simulation.fail": {"executed_lines": [], "summary": {"covered_lines": 0, "num_statements": 1, "percent_covered": 0.0, "percent_covered_display": "0", "missing_lines": 1, "excluded_lines": 0, "percent_statements_covered": 0.0, "percent_statements_covered_display": "0", "num_branches": 0, "num_partial_branches": 0, "covered_branches": 0, "missing_branches": 0, "percent_branches_covered": 100.0, "percent_branches_covered_display": "100"}, "missing_lines": [98], "excluded_lines": [], "start_line": 91, "executed_branches": [], "missing_branches": []}, "validate_simulation.close": {"executed_lines": [118], "summary": {"covered_lines": 1, "num_statements": 2, "percent_covered": 50.0, "percent_covered_display": "50", "missing_lines": 1, "excluded_lines": 0, "percent_statements_covered": 50.0, "percent_statements_covered_display": "50", "num_branches": 2, "num_partial_branches": 1, "covered_branches": 1, "missing_branches": 1, "percent_branches_covered": 50.0, "percent_branches_covered_display": "50"}, "missing_lines": [119], "excluded_lines": [], "start_line": 111, "executed_branches": [[118, -111]], "missing_branches": [[118, 119]]}, "validate_simulation.at_most": {"executed_lines": [128], "summary": {"covered_lines": 1, "num_statements": 2, "percent_covered": 50.0, "percent_covered_display": "50", "missing_lines": 1, "excluded_lines": 0, "percent_statements_covered": 50.0, "percent_statements_covered_display": "50", "num_branches": 2, "num_partial_branches": 1, "covered_branches": 1, "missing_branches": 1, "percent_branches_covered": 50.0, "percent_branches_covered_display": "50"}, "missing_lines": [129], "excluded_lines": [], "start_line": 121, "executed_branches": [[128, -121]], "missing_branches": [[128, 129]]}, "": {"executed_lines": [3, 5, 6, 7, 10, 23, 24, 27, 28, 29, 30, 31, 32, 33, 34, 35, 36, 38, 45, 63, 71], "summary": {"covered_lines": 21, "num_statements": 21, "percent_covered": 100.0, "percent_covered_display": "100", "missing_lines": 0, "excluded_lines": 0, "percent_statements_covered": 100.0, "percent_statements_covered_display": "100", "num_branches": 0, "num_partial_branches": 0, "covered_branches": 0, "missing_branches": 0, "percent_branches_covered": 100.0, "percent_branches_covered_display": "100"}, "missing_lines": [], "excluded_lines": [], "start_line": 1, "executed_branches": [], "missing_branches": []}}, "classes": {"SimulationInvariantError": {"executed_lines": [], "summary": {"covered_lines": 0, "num_statements": 3, "percent_covered": 0.0, "percent_covered_display": "0", "missing_lines": 3, "excluded_lines": 0, "percent_statements_covered": 0.0, "percent_statements_covered_display": "0", "num_branches": 0, "num_partial_branches": 0, "covered_branches": 0, "missing_branches": 0, "percent_branches_covered": 100.0, "percent_branches_covered_display": "100"}, "missing_lines": [39, 43, 47], "excluded_lines": [], "start_line": 24, "executed_branches": [], "missing_branches": []}, "": {"executed_lines": [3, 5, 6, 7, 10, 12, 13, 14, 16, 18, 19, 23, 24, 27, 28, 29, 30, 31, 32, 33, 34, 35, 36, 38, 45, 63, 64, 65, 71, 84, 87, 88, 89, 91, 111, 118, 121, 128, 131, 132, 133, 134, 139, 140, 143, 144, 145, 146, 150, 151, 152, 159, 160, 168, 175, 182, 189, 197, 204, 210, 212, 219, 222, 231, 238, 246, 255, 256, 257, 265, 271, 272, 275, 278, 279, 281, 288, 296, 297, 299, 306, 313, 314, 323, 324, 333, 334, 343, 345, 348, 349, 352, 356, 359, 360, 362, 368, 369, 372, 373, 375, 377, 379], "summary": {"covered_lines": 103, "num_statements": 125, "percent_covered": 75.42857142857143, "percent_covered_display": "75", "missing_lines": 22, "excluded_lines": 0, "percent_statements_covered": 82.4, "percent_statements_covered_display": "82", "num_branches": 50, "num_partial_branches": 19, "covered_branches": 29, "missing_branches": 21, "percent_branches_covered": 58.0, "percent_branches_covered_display": "58"}, "missing_lines": [15, 17, 20, 66, 67, 68, 85, 98, 119, 129, 141, 211, 239, 273, 280, 298, 315, 335, 344, 370, 374, 376], "excluded_lines": [], "start_line": 1, "executed_branches": [[12, 13], [12, 14], [14, 16], [16, 18], [18, 19], [64, 65], [84, 87], [118, -111], [128, -121], [132, 133], [132, 379], [140, 143], [150, 151], [150, 168], [204, 210], [204, 212], [210, 204], [238, 246], [272, 275], [279, 281], [296, 297], [296, 299], [297, 296], [314, 323], [334, 343], [343, 345], [369, 372], [373, 375], [375, 377]], "missing_branches": [[14, 15], [16, 17], [18, 20], [64, 66], [66, 67], [66, 68], [84, 85], [118, 119], [128, 129], [140, 141], [210, 211], [238, 239], [272, 273], [279, 280], [297, 298], [314, 315], [334, 335], [343, 344], [369, 370], [373, 374], [375, 376]]}}}}, "totals": {"covered_lines": 454, "num_statements": 996, "percent_covered": 42.375601926163725, "percent_covered_display": "42", "missing_lines": 542, "excluded_lines": 0, "percent_statements_covered": 45.58232931726908, "percent_statements_covered_display": "46", "num_branches": 250, "num_partial_branches": 34, "covered_branches": 74, "missing_branches": 176, "percent_branches_covered": 29.6, "percent_branches_covered_display": "30"}}